0 info it worked if it ends with ok
1 verbose cli [ 'node', '/usr/local/bin/npm', 'install', 'qs' ]
2 info using npm@1.1.59
3 info using node@v0.8.8
4 verbose read json /Users/kn1983/websites/awaregame/package.json
5 verbose read json /Users/kn1983/websites/awaregame/node_modules/async/package.json
6 verbose read json /Users/kn1983/websites/awaregame/node_modules/bunyan/package.json
7 verbose read json /Users/kn1983/websites/awaregame/node_modules/byline/package.json
8 verbose read json /Users/kn1983/websites/awaregame/node_modules/faceplate/package.json
9 verbose read json /Users/kn1983/websites/awaregame/node_modules/formidable/package.json
10 verbose read json /Users/kn1983/websites/awaregame/node_modules/http-signature/package.json
11 verbose read json /Users/kn1983/websites/awaregame/node_modules/lru-cache/package.json
12 verbose read json /Users/kn1983/websites/awaregame/node_modules/mime/package.json
13 verbose read json /Users/kn1983/websites/awaregame/node_modules/mongoose/package.json
14 verbose read json /Users/kn1983/websites/awaregame/node_modules/node-uuid/package.json
15 verbose read json /Users/kn1983/websites/awaregame/node_modules/restify/package.json
16 verbose read json /Users/kn1983/websites/awaregame/node_modules/retry/package.json
17 verbose read json /Users/kn1983/websites/awaregame/node_modules/semver/package.json
18 verbose read json /Users/kn1983/websites/awaregame/node_modules/send/package.json
19 verbose read json /Users/kn1983/websites/awaregame/node_modules/util/package.json
20 verbose read json /Users/kn1983/websites/awaregame/package.json
21 verbose cache add [ 'qs', null ]
22 silly cache add name=undefined spec="qs" args=["qs",null]
23 verbose parsed url { pathname: 'qs', path: 'qs', href: 'qs' }
24 silly lockFile 1100a5d5-qs qs
25 verbose lock qs /Users/kn1983/.npm/1100a5d5-qs.lock
26 silly lockFile 1100a5d5-qs qs
27 verbose addNamed [ 'qs', '' ]
28 verbose addNamed [ null, '' ]
29 silly lockFile f9733979-qs qs@
30 verbose lock qs@ /Users/kn1983/.npm/f9733979-qs.lock
31 silly addNameRange { name: 'qs', range: '', hasData: false }
32 verbose url raw qs
33 verbose url resolving [ 'https://registry.npmjs.org/', './qs' ]
34 verbose url resolved https://registry.npmjs.org/qs
35 info retry registry request attempt 1 at 09:55:07
36 http GET https://registry.npmjs.org/qs
37 info retry will retry, error on last attempt: Error: SSL Error: UNABLE_TO_VERIFY_LEAF_SIGNATURE
38 info retry registry request attempt 2 at 09:55:17
39 http GET https://registry.npmjs.org/qs
40 info retry will retry, error on last attempt: Error: SSL Error: UNABLE_TO_VERIFY_LEAF_SIGNATURE
41 info retry registry request attempt 3 at 09:56:18
42 http GET https://registry.npmjs.org/qs
43 silly lockFile f9733979-qs qs@
44 error Error: SSL Error: UNABLE_TO_VERIFY_LEAF_SIGNATURE
44 error     at ClientRequest.<anonymous> (/usr/local/lib/node_modules/npm/node_modules/request/main.js:525:26)
44 error     at ClientRequest.g (events.js:185:14)
44 error     at ClientRequest.EventEmitter.emit (events.js:88:17)
44 error     at HTTPParser.parserOnIncomingClient (http.js:1455:7)
44 error     at HTTPParser.parserOnHeadersComplete [as onHeadersComplete] (http.js:111:23)
44 error     at CleartextStream.socketOnData (http.js:1366:20)
44 error     at CleartextStream.CryptoStream._push (tls.js:495:27)
44 error     at SecurePair.cycle (tls.js:849:20)
44 error     at EncryptedStream.CryptoStream.write (tls.js:230:13)
44 error     at Socket.ondata (stream.js:38:26)
45 error If you need help, you may report this log at:
45 error     <http://github.com/isaacs/npm/issues>
45 error or email it to:
45 error     <npm-@googlegroups.com>
46 error System Darwin 11.4.0
47 error command "node" "/usr/local/bin/npm" "install" "qs"
48 error cwd /Users/kn1983/websites/awaregame
49 error node -v v0.8.8
50 error npm -v 1.1.59
51 verbose exit [ 1, true ]
